[2026-03-01 09:22:19,702] {taskinstance.py:1159} INFO - Dependencies all met for <TaskInstance: sequential_workflow.transform scheduled__2024-01-01T00:00:00+00:00 [queued]>
[2026-03-01 09:22:19,708] {taskinstance.py:1159} INFO - Dependencies all met for <TaskInstance: sequential_workflow.transform scheduled__2024-01-01T00:00:00+00:00 [queued]>
[2026-03-01 09:22:19,708] {taskinstance.py:1356} INFO - 
--------------------------------------------------------------------------------
[2026-03-01 09:22:19,708] {taskinstance.py:1357} INFO - Starting attempt 1 of 1
[2026-03-01 09:22:19,708] {taskinstance.py:1358} INFO - 
--------------------------------------------------------------------------------
[2026-03-01 09:22:19,718] {taskinstance.py:1377} INFO - Executing <Task(PythonOperator): transform> on 2024-01-01 00:00:00+00:00
[2026-03-01 09:22:19,720] {standard_task_runner.py:52} INFO - Started process 612 to run task
[2026-03-01 09:22:19,785] {standard_task_runner.py:79} INFO - Running: ['***', 'tasks', 'run', 'sequential_workflow', 'transform', 'scheduled__2024-01-01T00:00:00+00:00', '--job-id', '4', '--raw', '--subdir', 'DAGS_FOLDER/simple_test_dag.py', '--cfg-path', '/tmp/tmp8tblve53', '--error-file', '/tmp/tmpzyj6w4zy']
[2026-03-01 09:22:19,785] {standard_task_runner.py:80} INFO - Job 4: Subtask transform
[2026-03-01 09:22:19,829] {task_command.py:369} INFO - Running <TaskInstance: sequential_workflow.transform scheduled__2024-01-01T00:00:00+00:00 [running]> on host e50e1290bbfa
[2026-03-01 09:22:19,901] {taskinstance.py:1571} INFO - Exporting the following env vars:
AIRFLOW_CTX_DAG_OWNER=***
AIRFLOW_CTX_DAG_ID=sequential_workflow
AIRFLOW_CTX_TASK_ID=transform
AIRFLOW_CTX_EXECUTION_DATE=2024-01-01T00:00:00+00:00
AIRFLOW_CTX_TRY_NUMBER=1
AIRFLOW_CTX_DAG_RUN_ID=scheduled__2024-01-01T00:00:00+00:00
[2026-03-01 09:22:19,902] {logging_mixin.py:115} INFO - Transforming data...
[2026-03-01 09:22:19,902] {python.py:173} INFO - Done. Returned value was: None
[2026-03-01 09:22:19,916] {taskinstance.py:1400} INFO - Marking task as SUCCESS. dag_id=sequential_workflow, task_id=transform, execution_date=20240101T000000, start_date=20260301T092219, end_date=20260301T092219
[2026-03-01 09:22:19,938] {local_task_job.py:156} INFO - Task exited with return code 0
[2026-03-01 09:22:19,984] {local_task_job.py:273} INFO - 1 downstream tasks scheduled from follow-on schedule check
