[2026-03-01 09:22:17,918] {taskinstance.py:1159} INFO - Dependencies all met for <TaskInstance: sequential_workflow.extract scheduled__2024-01-01T00:00:00+00:00 [queued]>
[2026-03-01 09:22:17,925] {taskinstance.py:1159} INFO - Dependencies all met for <TaskInstance: sequential_workflow.extract scheduled__2024-01-01T00:00:00+00:00 [queued]>
[2026-03-01 09:22:17,925] {taskinstance.py:1356} INFO - 
--------------------------------------------------------------------------------
[2026-03-01 09:22:17,925] {taskinstance.py:1357} INFO - Starting attempt 1 of 1
[2026-03-01 09:22:17,925] {taskinstance.py:1358} INFO - 
--------------------------------------------------------------------------------
[2026-03-01 09:22:17,936] {taskinstance.py:1377} INFO - Executing <Task(PythonOperator): extract> on 2024-01-01 00:00:00+00:00
[2026-03-01 09:22:17,939] {standard_task_runner.py:52} INFO - Started process 602 to run task
[2026-03-01 09:22:17,942] {standard_task_runner.py:79} INFO - Running: ['***', 'tasks', 'run', 'sequential_workflow', 'extract', 'scheduled__2024-01-01T00:00:00+00:00', '--job-id', '3', '--raw', '--subdir', 'DAGS_FOLDER/simple_test_dag.py', '--cfg-path', '/tmp/tmps2dvjv3u', '--error-file', '/tmp/tmpn3tnavrb']
[2026-03-01 09:22:17,942] {standard_task_runner.py:80} INFO - Job 3: Subtask extract
[2026-03-01 09:22:17,994] {task_command.py:369} INFO - Running <TaskInstance: sequential_workflow.extract scheduled__2024-01-01T00:00:00+00:00 [running]> on host e50e1290bbfa
[2026-03-01 09:22:18,066] {taskinstance.py:1571} INFO - Exporting the following env vars:
AIRFLOW_CTX_DAG_OWNER=***
AIRFLOW_CTX_DAG_ID=sequential_workflow
AIRFLOW_CTX_TASK_ID=extract
AIRFLOW_CTX_EXECUTION_DATE=2024-01-01T00:00:00+00:00
AIRFLOW_CTX_TRY_NUMBER=1
AIRFLOW_CTX_DAG_RUN_ID=scheduled__2024-01-01T00:00:00+00:00
[2026-03-01 09:22:18,067] {logging_mixin.py:115} INFO - Extracting data...
[2026-03-01 09:22:18,067] {python.py:173} INFO - Done. Returned value was: None
[2026-03-01 09:22:18,078] {taskinstance.py:1400} INFO - Marking task as SUCCESS. dag_id=sequential_workflow, task_id=extract, execution_date=20240101T000000, start_date=20260301T092217, end_date=20260301T092218
[2026-03-01 09:22:18,121] {local_task_job.py:156} INFO - Task exited with return code 0
[2026-03-01 09:22:18,153] {local_task_job.py:273} INFO - 1 downstream tasks scheduled from follow-on schedule check
