[2026-03-01 09:47:20,849] {taskinstance.py:1159} INFO - Dependencies all met for <TaskInstance: fetch_wikipedia_page.curl_lebron_james scheduled__2026-03-01T08:00:00+00:00 [queued]>
[2026-03-01 09:47:20,978] {taskinstance.py:1159} INFO - Dependencies all met for <TaskInstance: fetch_wikipedia_page.curl_lebron_james scheduled__2026-03-01T08:00:00+00:00 [queued]>
[2026-03-01 09:47:20,979] {taskinstance.py:1356} INFO - 
--------------------------------------------------------------------------------
[2026-03-01 09:47:20,988] {taskinstance.py:1357} INFO - Starting attempt 1 of 2
[2026-03-01 09:47:20,990] {taskinstance.py:1358} INFO - 
--------------------------------------------------------------------------------
[2026-03-01 09:47:21,125] {taskinstance.py:1377} INFO - Executing <Task(BashOperator): curl_lebron_james> on 2026-03-01 08:00:00+00:00
[2026-03-01 09:47:21,128] {standard_task_runner.py:52} INFO - Started process 1027 to run task
[2026-03-01 09:47:21,160] {standard_task_runner.py:79} INFO - Running: ['***', 'tasks', 'run', 'fetch_wikipedia_page', 'curl_lebron_james', 'scheduled__2026-03-01T08:00:00+00:00', '--job-id', '12', '--raw', '--subdir', 'DAGS_FOLDER/fetch_wikipedia.py', '--cfg-path', '/tmp/tmpjdoxr25u', '--error-file', '/tmp/tmp3rrfp532']
[2026-03-01 09:47:21,161] {standard_task_runner.py:80} INFO - Job 12: Subtask curl_lebron_james
[2026-03-01 09:47:21,492] {task_command.py:369} INFO - Running <TaskInstance: fetch_wikipedia_page.curl_lebron_james scheduled__2026-03-01T08:00:00+00:00 [running]> on host 2a5ace9d88c1
[2026-03-01 09:47:22,079] {taskinstance.py:1571} INFO - Exporting the following env vars:
AIRFLOW_CTX_DAG_OWNER=***
AIRFLOW_CTX_DAG_ID=fetch_wikipedia_page
AIRFLOW_CTX_TASK_ID=curl_lebron_james
AIRFLOW_CTX_EXECUTION_DATE=2026-03-01T08:00:00+00:00
AIRFLOW_CTX_TRY_NUMBER=1
AIRFLOW_CTX_DAG_RUN_ID=scheduled__2026-03-01T08:00:00+00:00
[2026-03-01 09:47:22,080] {subprocess.py:62} INFO - Tmp dir root location: 
 /tmp
[2026-03-01 09:47:22,080] {subprocess.py:74} INFO - Running command: ['bash', '-c', 'curl -L https://simple.wikipedia.org/wiki/LeBron_James > /opt/***/logs/lebron_page.html']
[2026-03-01 09:47:22,105] {subprocess.py:85} INFO - Output:
[2026-03-01 09:47:22,332] {subprocess.py:92} INFO -   % Total    % Received % Xferd  Average Speed   Time    Time     Time  Current
[2026-03-01 09:47:22,345] {subprocess.py:92} INFO -                                  Dload  Upload   Total   Spent    Left  Speed
[2026-03-01 09:47:23,403] {subprocess.py:92} INFO -   0     0    0     0    0     0      0      0 --:--:-- --:--:-- --:--:--     0  0     0    0     0    0     0      0      0 --:--:-- --:--:-- --:--:--     0100  208k    0  208k    0     0   187k      0 --:--:--  0:00:01 --:--:--  187k
[2026-03-01 09:47:23,415] {subprocess.py:96} INFO - Command exited with return code 0
[2026-03-01 09:47:23,490] {taskinstance.py:1400} INFO - Marking task as SUCCESS. dag_id=fetch_wikipedia_page, task_id=curl_lebron_james, execution_date=20260301T080000, start_date=20260301T094720, end_date=20260301T094723
[2026-03-01 09:47:23,527] {local_task_job.py:156} INFO - Task exited with return code 0
[2026-03-01 09:47:23,626] {local_task_job.py:273} INFO - 0 downstream tasks scheduled from follow-on schedule check
