[2026-03-01 09:22:24,164] {taskinstance.py:1159} INFO - Dependencies all met for <TaskInstance: sequential_workflow.extract manual__2026-03-01T09:22:23.161040+00:00 [queued]>
[2026-03-01 09:22:24,169] {taskinstance.py:1159} INFO - Dependencies all met for <TaskInstance: sequential_workflow.extract manual__2026-03-01T09:22:23.161040+00:00 [queued]>
[2026-03-01 09:22:24,169] {taskinstance.py:1356} INFO - 
--------------------------------------------------------------------------------
[2026-03-01 09:22:24,169] {taskinstance.py:1357} INFO - Starting attempt 1 of 1
[2026-03-01 09:22:24,169] {taskinstance.py:1358} INFO - 
--------------------------------------------------------------------------------
[2026-03-01 09:22:24,182] {taskinstance.py:1377} INFO - Executing <Task(PythonOperator): extract> on 2026-03-01 09:22:23.161040+00:00
[2026-03-01 09:22:24,186] {standard_task_runner.py:52} INFO - Started process 616 to run task
[2026-03-01 09:22:24,188] {standard_task_runner.py:79} INFO - Running: ['***', 'tasks', 'run', 'sequential_workflow', 'extract', 'manual__2026-03-01T09:22:23.161040+00:00', '--job-id', '6', '--raw', '--subdir', 'DAGS_FOLDER/simple_test_dag.py', '--cfg-path', '/tmp/tmpwysner3p', '--error-file', '/tmp/tmp9busfm7a']
[2026-03-01 09:22:24,189] {standard_task_runner.py:80} INFO - Job 6: Subtask extract
[2026-03-01 09:22:24,237] {task_command.py:369} INFO - Running <TaskInstance: sequential_workflow.extract manual__2026-03-01T09:22:23.161040+00:00 [running]> on host e50e1290bbfa
[2026-03-01 09:22:24,289] {taskinstance.py:1571} INFO - Exporting the following env vars:
AIRFLOW_CTX_DAG_OWNER=***
AIRFLOW_CTX_DAG_ID=sequential_workflow
AIRFLOW_CTX_TASK_ID=extract
AIRFLOW_CTX_EXECUTION_DATE=2026-03-01T09:22:23.161040+00:00
AIRFLOW_CTX_TRY_NUMBER=1
AIRFLOW_CTX_DAG_RUN_ID=manual__2026-03-01T09:22:23.161040+00:00
[2026-03-01 09:22:24,289] {logging_mixin.py:115} INFO - Extracting data...
[2026-03-01 09:22:24,289] {python.py:173} INFO - Done. Returned value was: None
[2026-03-01 09:22:24,298] {taskinstance.py:1400} INFO - Marking task as SUCCESS. dag_id=sequential_workflow, task_id=extract, execution_date=20260301T092223, start_date=20260301T092224, end_date=20260301T092224
[2026-03-01 09:22:24,324] {local_task_job.py:156} INFO - Task exited with return code 0
[2026-03-01 09:22:24,352] {local_task_job.py:273} INFO - 1 downstream tasks scheduled from follow-on schedule check
