[2026-03-01 09:47:20,738] {taskinstance.py:1159} INFO - Dependencies all met for <TaskInstance: fetch_wikipedia_page.curl_lebron_james manual__2026-03-01T09:47:16.358225+00:00 [queued]>
[2026-03-01 09:47:20,875] {taskinstance.py:1159} INFO - Dependencies all met for <TaskInstance: fetch_wikipedia_page.curl_lebron_james manual__2026-03-01T09:47:16.358225+00:00 [queued]>
[2026-03-01 09:47:20,875] {taskinstance.py:1356} INFO - 
--------------------------------------------------------------------------------
[2026-03-01 09:47:20,875] {taskinstance.py:1357} INFO - Starting attempt 1 of 2
[2026-03-01 09:47:20,875] {taskinstance.py:1358} INFO - 
--------------------------------------------------------------------------------
[2026-03-01 09:47:21,074] {taskinstance.py:1377} INFO - Executing <Task(BashOperator): curl_lebron_james> on 2026-03-01 09:47:16.358225+00:00
[2026-03-01 09:47:21,085] {standard_task_runner.py:52} INFO - Started process 1026 to run task
[2026-03-01 09:47:21,115] {standard_task_runner.py:79} INFO - Running: ['***', 'tasks', 'run', 'fetch_wikipedia_page', 'curl_lebron_james', 'manual__2026-03-01T09:47:16.358225+00:00', '--job-id', '11', '--raw', '--subdir', 'DAGS_FOLDER/fetch_wikipedia.py', '--cfg-path', '/tmp/tmpz7m4_o_x', '--error-file', '/tmp/tmpdx26o6tg']
[2026-03-01 09:47:21,115] {standard_task_runner.py:80} INFO - Job 11: Subtask curl_lebron_james
[2026-03-01 09:47:21,409] {task_command.py:369} INFO - Running <TaskInstance: fetch_wikipedia_page.curl_lebron_james manual__2026-03-01T09:47:16.358225+00:00 [running]> on host 2a5ace9d88c1
[2026-03-01 09:47:21,787] {taskinstance.py:1571} INFO - Exporting the following env vars:
AIRFLOW_CTX_DAG_OWNER=***
AIRFLOW_CTX_DAG_ID=fetch_wikipedia_page
AIRFLOW_CTX_TASK_ID=curl_lebron_james
AIRFLOW_CTX_EXECUTION_DATE=2026-03-01T09:47:16.358225+00:00
AIRFLOW_CTX_TRY_NUMBER=1
AIRFLOW_CTX_DAG_RUN_ID=manual__2026-03-01T09:47:16.358225+00:00
[2026-03-01 09:47:21,788] {subprocess.py:62} INFO - Tmp dir root location: 
 /tmp
[2026-03-01 09:47:21,796] {subprocess.py:74} INFO - Running command: ['bash', '-c', 'curl -L https://simple.wikipedia.org/wiki/LeBron_James > /opt/***/logs/lebron_page.html']
[2026-03-01 09:47:22,016] {subprocess.py:85} INFO - Output:
[2026-03-01 09:47:22,291] {subprocess.py:92} INFO -   % Total    % Received % Xferd  Average Speed   Time    Time     Time  Current
[2026-03-01 09:47:22,293] {subprocess.py:92} INFO -                                  Dload  Upload   Total   Spent    Left  Speed
[2026-03-01 09:47:26,467] {subprocess.py:92} INFO -   0     0    0     0    0     0      0      0 --:--:-- --:--:-- --:--:--     0  0     0    0     0    0     0      0      0 --:--:-- --:--:-- --:--:--     0  0     0    0     0    0     0      0      0 --:--:--  0:00:01 --:--:--     0  0     0    0     0    0     0      0      0 --:--:--  0:00:02 --:--:--     0  0     0    0     0    0     0      0      0 --:--:--  0:00:03 --:--:--     0100  208k  100  208k    0     0  50568      0  0:00:04  0:00:04 --:--:-- 50568100  208k  100  208k    0     0  50568      0  0:00:04  0:00:04 --:--:-- 53574
[2026-03-01 09:47:26,467] {subprocess.py:96} INFO - Command exited with return code 0
[2026-03-01 09:47:26,538] {taskinstance.py:1400} INFO - Marking task as SUCCESS. dag_id=fetch_wikipedia_page, task_id=curl_lebron_james, execution_date=20260301T094716, start_date=20260301T094720, end_date=20260301T094726
[2026-03-01 09:47:26,601] {local_task_job.py:156} INFO - Task exited with return code 0
[2026-03-01 09:47:26,646] {local_task_job.py:273} INFO - 0 downstream tasks scheduled from follow-on schedule check
